<?xml version="1.0" encoding="UTF-8"?>
<!-- Generated by org.testng.reporters.JUnitReportReporter -->
<testsuite hostname="DESKTOP-H4UHN3I" failures="0" tests="1" name="com.qa.tests.DemoTests" time="0.011" errors="0" timestamp="22 May 2021 09:26:18 GMT" skipped="0">
  <testcase classname="com.qa.tests.DemoTests" name="sum" time="0.011"/>
</testsuite> <!-- com.qa.tests.DemoTests -->
